<?xml version="1.0" encoding="UTF-8"?>
<!-- Generated by org.testng.reporters.JUnitXMLReporter -->
<testsuite hostname="kalsangs-MacBook-Pro.local" ignored="0" name="Nopackage" tests="3" failures="0" timestamp="2023-02-12T17:07:33 EST" time="39.229" errors="0">
  <testcase name="runScenario" time="12.91" classname="io.cucumber.testng.AbstractTestNGCucumberTests"/>
  <testcase name="runScenario" time="12.089" classname="io.cucumber.testng.AbstractTestNGCucumberTests"/>
  <testcase name="runScenario" time="13.8" classname="io.cucumber.testng.AbstractTestNGCucumberTests"/>
</testsuite> <!-- Nopackage -->
