<?xml version="1.0" encoding="UTF-8"?>
<testng-results skipped="0" failed="0" ignored="0" total="3" passed="3">
  <reporter-output>
  </reporter-output>
  <suite name="Suite1" duration-ms="39229" started-at="2023-02-12T17:06:54 EST" finished-at="2023-02-12T17:07:33 EST">
    <groups>
      <group name="cucumber">
        <method signature="AbstractTestNGCucumberTests.runScenario(io.cucumber.testng.PickleWrapper,io.cucumber.testng.FeatureWrapper)[pri:0, instance:runner.TestRunner@77f99a05]" name="runScenario" class="io.cucumber.testng.AbstractTestNGCucumberTests"/>
      </group> <!-- cucumber -->
    </groups>
    <test name="Nopackage" duration-ms="39229" started-at="2023-02-12T17:06:54 EST" finished-at="2023-02-12T17:07:33 EST">
      <class name="runner.TestRunner">
        <test-method status="PASS" signature="setUpClass(org.testng.ITestContext)[pri:0, instance:runner.TestRunner@77f99a05]" name="setUpClass" is-config="true" duration-ms="342" started-at="2023-02-12T17:06:54 EST" finished-at="2023-02-12T17:06:54 EST">
          <params>
            <param index="0">
              <value>
                <![CDATA[org.testng.TestRunner@1f14f20c]]>
              </value>
            </param>
          </params>
          <reporter-output>
          </reporter-output>
        </test-method> <!-- setUpClass -->
        <test-method status="PASS" signature="runScenario(io.cucumber.testng.PickleWrapper,io.cucumber.testng.FeatureWrapper)[pri:0, instance:runner.TestRunner@77f99a05]" name="runScenario" duration-ms="12910" started-at="2023-02-12T17:06:54 EST" description="Runs Cucumber Scenarios" data-provider="scenarios" finished-at="2023-02-12T17:07:07 EST">
          <params>
            <param index="0">
              <value>
                <![CDATA["searching products on google"]]>
              </value>
            </param>
            <param index="1">
              <value>
                <![CDATA["searching products"]]>
              </value>
            </param>
          </params>
          <reporter-output>
          </reporter-output>
        </test-method> <!-- runScenario -->
        <test-method status="PASS" signature="runScenario(io.cucumber.testng.PickleWrapper,io.cucumber.testng.FeatureWrapper)[pri:0, instance:runner.TestRunner@77f99a05]" name="runScenario" duration-ms="12089" started-at="2023-02-12T17:07:07 EST" description="Runs Cucumber Scenarios" data-provider="scenarios" finished-at="2023-02-12T17:07:19 EST">
          <params>
            <param index="0">
              <value>
                <![CDATA["searching products on google"]]>
              </value>
            </param>
            <param index="1">
              <value>
                <![CDATA["searching products"]]>
              </value>
            </param>
          </params>
          <reporter-output>
          </reporter-output>
        </test-method> <!-- runScenario -->
        <test-method status="PASS" signature="runScenario(io.cucumber.testng.PickleWrapper,io.cucumber.testng.FeatureWrapper)[pri:0, instance:runner.TestRunner@77f99a05]" name="runScenario" duration-ms="13800" started-at="2023-02-12T17:07:19 EST" description="Runs Cucumber Scenarios" data-provider="scenarios" finished-at="2023-02-12T17:07:33 EST">
          <params>
            <param index="0">
              <value>
                <![CDATA["searching products on google"]]>
              </value>
            </param>
            <param index="1">
              <value>
                <![CDATA["searching products"]]>
              </value>
            </param>
          </params>
          <reporter-output>
          </reporter-output>
        </test-method> <!-- runScenario -->
        <test-method status="PASS" signature="tearDownClass()[pri:0, instance:runner.TestRunner@77f99a05]" name="tearDownClass" is-config="true" duration-ms="16" started-at="2023-02-12T17:07:33 EST" finished-at="2023-02-12T17:07:33 EST">
          <reporter-output>
          </reporter-output>
        </test-method> <!-- tearDownClass -->
      </class> <!-- runner.TestRunner -->
    </test> <!-- Nopackage -->
  </suite> <!-- Suite1 -->
</testng-results>
